Arguments: 
  /home/tom/.nvm/versions/node/v10.15.3/bin/node /usr/share/yarn/bin/yarn.js add typescript node tsnode isomorphic-unfetch

PATH: 
  /home/tom/.local/bin:/home/tom/.nvm/versions/node/v10.15.3/bin:/usr/local/sbin:/usr/local/bin:/usr/sbin:/usr/bin:/sbin:/bin:/usr/games:/usr/local/games:/mnt/c/Program Files/WindowsApps/TheDebianProject.DebianGNULinux_1.1.7.0_x64__76v4gfsz19hv4:/mnt/c/ProgramData/DockerDesktop/version-bin:/mnt/c/Program Files/Docker/Docker/Resources/bin:/mnt/c/Windows/system32:/mnt/c/Windows:/mnt/c/Windows/System32/Wbem:/mnt/c/Windows/System32/WindowsPowerShell/v1.0/:/mnt/c/Windows/System32/OpenSSH/:/mnt/c/Program Files/dotnet/:/mnt/c/Program Files/Git/cmd:/mnt/c/Program Files/CMake/bin:/mnt/c/Program Files (x86)/Yarn/bin/:/mnt/c/Users/Tom/AppData/Roaming/nvm:/mnt/c/Program Files/nodejs:/mnt/c/Program Files/Microsoft SQL Server/130/Tools/Binn/:/mnt/c/Program Files (x86)/IncrediBuild:/mnt/c/Users/Tom/AppData/Local/Programs/Python/Python38/Scripts/:/mnt/c/Users/Tom/AppData/Local/Programs/Python/Python38/:/mnt/c/Program Files/Conan/conan:/mnt/c/Users/Tom/AppData/Local/Microsoft/WindowsApps:/mnt/c/Program Files (x86)/Dr. Memory/bin/:/mnt/c/Users/Tom/AppData/Local/Programs/Microsoft VS Code/bin:/mnt/c/Users/Tom/AppData/Roaming/npm:/mnt/c/Users/Tom/AppData/Local/Yarn/bin:/mnt/c/Users/Tom/AppData/Roaming/nvm:/mnt/c/Program Files/nodejs

Yarn version: 
  1.21.1

Node version: 
  10.15.3

Platform: 
  linux x64

Trace: 
  Error: https://registry.yarnpkg.com/tsnode: Not found
      at Request.params.callback [as _callback] (/usr/share/yarn/lib/cli.js:66947:18)
      at Request.self.callback (/usr/share/yarn/lib/cli.js:140665:22)
      at Request.emit (events.js:189:13)
      at Request.<anonymous> (/usr/share/yarn/lib/cli.js:141637:10)
      at Request.emit (events.js:189:13)
      at IncomingMessage.<anonymous> (/usr/share/yarn/lib/cli.js:141559:12)
      at Object.onceWrapper (events.js:277:13)
      at IncomingMessage.emit (events.js:194:15)
      at endReadableNT (_stream_readable.js:1125:12)
      at process._tickCallback (internal/process/next_tick.js:63:19)

npm manifest: 
  {
    "name": "typescriptWorkshop",
    "version": "1.0.0",
    "main": "index.js",
    "repository": "git@github.com:ThomasQuentin1/typescriptWorkshop.git",
    "author": "Tom Florentin <tom.florentin@epitech.eu>",
    "license": "MIT"
  }

yarn manifest: 
  No manifest

Lockfile: 
  No lockfile
